# Logfile created on 2015-10-17 18:49:29 +0200 by logger.rb/36483
D, [2015-10-17T18:49:29.683325 #19713] DEBUG -- : DRAGONFLY: shell command: 'convert' '/Users/ivan/Sites/watchlearn/source/images/middleman-02.jpg' '-resize' '100x100^^' '-gravity' 'Center' '-crop' '100x100+0+0' '+repage' '/var/folders/nz/lvl5hf050rv1s8j3g6f82s540000gp/T/dragonfly20151017-19713-w0grgv.jpg'
D, [2015-10-17T18:49:30.312914 #19713] DEBUG -- : DRAGONFLY: shell command: 'convert' '/Users/ivan/Sites/watchlearn/source/images/middleman-01.jpg' '-resize' '100x100^^' '-gravity' 'Center' '-crop' '100x100+0+0' '+repage' '/var/folders/nz/lvl5hf050rv1s8j3g6f82s540000gp/T/dragonfly20151017-19713-1532ngt.jpg'
D, [2015-10-17T18:49:48.740566 #19713] DEBUG -- : DRAGONFLY: shell command: 'convert' '/Users/ivan/Sites/watchlearn/source/images/middleman-02.jpg' '-resize' '100x100^^' '-gravity' 'Center' '-crop' '100x100+0+0' '+repage' '/var/folders/nz/lvl5hf050rv1s8j3g6f82s540000gp/T/dragonfly20151017-19713-1ge2r37.jpg'
D, [2015-10-17T18:49:48.844402 #19713] DEBUG -- : DRAGONFLY: shell command: 'convert' '/Users/ivan/Sites/watchlearn/source/images/middleman-01.jpg' '-resize' '100x100^^' '-gravity' 'Center' '-crop' '100x100+0+0' '+repage' '/var/folders/nz/lvl5hf050rv1s8j3g6f82s540000gp/T/dragonfly20151017-19713-1u0y9ia.jpg'
D, [2015-10-17T18:49:51.300158 #19713] DEBUG -- : DRAGONFLY: shell command: 'convert' '/Users/ivan/Sites/watchlearn/source/images/middleman-02.jpg' '-resize' '100x100^^' '-gravity' 'Center' '-crop' '100x100+0+0' '+repage' '/var/folders/nz/lvl5hf050rv1s8j3g6f82s540000gp/T/dragonfly20151017-19713-x84ak0.jpg'
D, [2015-10-17T18:49:51.372502 #19713] DEBUG -- : DRAGONFLY: shell command: 'convert' '/Users/ivan/Sites/watchlearn/source/images/middleman-01.jpg' '-resize' '100x100^^' '-gravity' 'Center' '-crop' '100x100+0+0' '+repage' '/var/folders/nz/lvl5hf050rv1s8j3g6f82s540000gp/T/dragonfly20151017-19713-g9wxil.jpg'
D, [2015-10-17T18:50:02.302372 #19713] DEBUG -- : DRAGONFLY: shell command: 'convert' '/Users/ivan/Sites/watchlearn/source/images/middleman-02.jpg' '-resize' '100x100^^' '-gravity' 'Center' '-crop' '100x100+0+0' '+repage' '/var/folders/nz/lvl5hf050rv1s8j3g6f82s540000gp/T/dragonfly20151017-19713-11nkggr.jpg'
D, [2015-10-17T18:50:02.438837 #19713] DEBUG -- : DRAGONFLY: shell command: 'convert' '/Users/ivan/Sites/watchlearn/source/images/middleman-01.jpg' '-resize' '100x100^^' '-gravity' 'Center' '-crop' '100x100+0+0' '+repage' '/var/folders/nz/lvl5hf050rv1s8j3g6f82s540000gp/T/dragonfly20151017-19713-gv35ln.jpg'
D, [2015-10-17T18:50:18.911540 #19850] DEBUG -- : DRAGONFLY: shell command: 'convert' '/Users/ivan/Sites/watchlearn/source/images/middleman-02.jpg' '-resize' '100x100^^' '-gravity' 'Center' '-crop' '100x100+0+0' '+repage' '/var/folders/nz/lvl5hf050rv1s8j3g6f82s540000gp/T/dragonfly20151017-19850-98ztz9.jpg'
D, [2015-10-17T18:50:18.961924 #19850] DEBUG -- : DRAGONFLY: shell command: 'convert' '/Users/ivan/Sites/watchlearn/source/images/middleman-01.jpg' '-resize' '100x100^^' '-gravity' 'Center' '-crop' '100x100+0+0' '+repage' '/var/folders/nz/lvl5hf050rv1s8j3g6f82s540000gp/T/dragonfly20151017-19850-1rvu4ir.jpg'
D, [2015-10-17T18:51:41.357160 #19850] DEBUG -- : DRAGONFLY: shell command: 'convert' '/Users/ivan/Sites/watchlearn/source/images/middleman-02.jpg' '-resize' '400x300^^' '-gravity' 'NorthEast' '-crop' '400x300+0+0' '+repage' '/var/folders/nz/lvl5hf050rv1s8j3g6f82s540000gp/T/dragonfly20151017-19850-1xom56s.jpg'
D, [2015-10-17T18:51:41.450742 #19850] DEBUG -- : DRAGONFLY: shell command: 'convert' '/Users/ivan/Sites/watchlearn/source/images/middleman-01.jpg' '-resize' '400x300^^' '-gravity' 'NorthEast' '-crop' '400x300+0+0' '+repage' '/var/folders/nz/lvl5hf050rv1s8j3g6f82s540000gp/T/dragonfly20151017-19850-1p9nlob.jpg'
D, [2015-10-17T18:52:07.872735 #19850] DEBUG -- : DRAGONFLY: shell command: 'convert' '/Users/ivan/Sites/watchlearn/source/images/middleman-02.jpg' '-resize' '400x' '/var/folders/nz/lvl5hf050rv1s8j3g6f82s540000gp/T/dragonfly20151017-19850-kgzaa4.jpg'
D, [2015-10-17T18:52:07.991743 #19850] DEBUG -- : DRAGONFLY: shell command: 'convert' '/Users/ivan/Sites/watchlearn/source/images/middleman-01.jpg' '-resize' '400x' '/var/folders/nz/lvl5hf050rv1s8j3g6f82s540000gp/T/dragonfly20151017-19850-1g77iwh.jpg'
D, [2015-10-17T18:54:01.635520 #19919] DEBUG -- : DRAGONFLY: shell command: 'convert' '/Users/ivan/Sites/watchlearn/source/images/middleman-02.jpg' '-resize' '400x' '/var/folders/nz/lvl5hf050rv1s8j3g6f82s540000gp/T/dragonfly20151017-19919-10nldp5.jpg'
D, [2015-10-17T18:54:01.712662 #19919] DEBUG -- : DRAGONFLY: shell command: 'convert' '/Users/ivan/Sites/watchlearn/source/images/middleman-01.jpg' '-resize' '400x' '/var/folders/nz/lvl5hf050rv1s8j3g6f82s540000gp/T/dragonfly20151017-19919-1l1vjmb.jpg'
D, [2015-10-17T18:55:22.296090 #19953] DEBUG -- : DRAGONFLY: shell command: 'convert' '/Users/ivan/Sites/watchlearn/source/images/middleman-02.jpg' '-resize' '400x' '/var/folders/nz/lvl5hf050rv1s8j3g6f82s540000gp/T/dragonfly20151017-19953-1i1gd4v.jpg'
D, [2015-10-17T18:55:22.457200 #19953] DEBUG -- : DRAGONFLY: shell command: 'convert' '/Users/ivan/Sites/watchlearn/source/images/middleman-02.jpg' '-resize' '100x' '/var/folders/nz/lvl5hf050rv1s8j3g6f82s540000gp/T/dragonfly20151017-19953-5o2oap.jpg'
D, [2015-10-17T18:55:22.512360 #19953] DEBUG -- : DRAGONFLY: shell command: 'convert' '/Users/ivan/Sites/watchlearn/source/images/middleman-01.jpg' '-resize' '400x' '/var/folders/nz/lvl5hf050rv1s8j3g6f82s540000gp/T/dragonfly20151017-19953-17wp4v6.jpg'
D, [2015-10-17T18:55:22.576051 #19953] DEBUG -- : DRAGONFLY: shell command: 'convert' '/Users/ivan/Sites/watchlearn/source/images/middleman-01.jpg' '-resize' '100x' '/var/folders/nz/lvl5hf050rv1s8j3g6f82s540000gp/T/dragonfly20151017-19953-o7ut96.jpg'
D, [2015-10-17T19:10:14.878824 #20171] DEBUG -- : DRAGONFLY: shell command: 'convert' '/Users/ivan/Sites/watchlearn/source/images/middleman-02.jpg' '-resize' '100x100^^' '-gravity' 'Center' '-crop' '100x100+0+0' '+repage' '/var/folders/nz/lvl5hf050rv1s8j3g6f82s540000gp/T/dragonfly20151017-20171-jr7yoi.jpg'
D, [2015-10-17T19:10:14.928716 #20171] DEBUG -- : DRAGONFLY: shell command: 'convert' '/Users/ivan/Sites/watchlearn/source/images/middleman-01.jpg' '-resize' '100x100^^' '-gravity' 'Center' '-crop' '100x100+0+0' '+repage' '/var/folders/nz/lvl5hf050rv1s8j3g6f82s540000gp/T/dragonfly20151017-20171-ssa2e.jpg'
D, [2015-10-17T19:10:35.124066 #20171] DEBUG -- : DRAGONFLY: shell command: 'convert' '/Users/ivan/Sites/watchlearn/source/images/middleman-02.jpg' '-resize' '100x100^^' '-gravity' 'Center' '-crop' '100x100+0+0' '+repage' '/var/folders/nz/lvl5hf050rv1s8j3g6f82s540000gp/T/dragonfly20151017-20171-dgfri4.jpg'
D, [2015-10-17T19:10:35.173041 #20171] DEBUG -- : DRAGONFLY: shell command: 'convert' '/Users/ivan/Sites/watchlearn/source/images/middleman-01.jpg' '-resize' '100x100^^' '-gravity' 'Center' '-crop' '100x100+0+0' '+repage' '/var/folders/nz/lvl5hf050rv1s8j3g6f82s540000gp/T/dragonfly20151017-20171-1wpr4wz.jpg'
D, [2015-10-17T19:12:28.631816 #20171] DEBUG -- : DRAGONFLY: shell command: 'convert' '/Users/ivan/Sites/watchlearn/source/images/middleman-02.jpg' '-resize' '400x' '/var/folders/nz/lvl5hf050rv1s8j3g6f82s540000gp/T/dragonfly20151017-20171-q8n8pw.jpg'
D, [2015-10-17T19:12:28.713258 #20171] DEBUG -- : DRAGONFLY: shell command: 'convert' '/Users/ivan/Sites/watchlearn/source/images/middleman-01.jpg' '-resize' '400x' '/var/folders/nz/lvl5hf050rv1s8j3g6f82s540000gp/T/dragonfly20151017-20171-1yty1wc.jpg'
D, [2015-10-17T19:13:53.594480 #20285] DEBUG -- : DRAGONFLY: shell command: 'convert' '/Users/ivan/Sites/watchlearn/source/images/middleman-02.jpg' '-resize' '400x' '/var/folders/nz/lvl5hf050rv1s8j3g6f82s540000gp/T/dragonfly20151017-20285-m5gfty.jpg'
D, [2015-10-17T19:13:53.662860 #20285] DEBUG -- : DRAGONFLY: shell command: 'convert' '/Users/ivan/Sites/watchlearn/source/images/middleman-01.jpg' '-resize' '400x' '/var/folders/nz/lvl5hf050rv1s8j3g6f82s540000gp/T/dragonfly20151017-20285-1bqktv3.jpg'
D, [2015-10-21T19:46:41.482060 #3492] DEBUG -- : DRAGONFLY: shell command: 'convert' '/Users/ivan/Sites/watchlearn/source/images/middleman-02.jpg' '-resize' '400x' '/var/folders/nz/lvl5hf050rv1s8j3g6f82s540000gp/T/dragonfly20151021-3492-1lspria.jpg'
D, [2015-10-21T19:46:41.695172 #3492] DEBUG -- : DRAGONFLY: shell command: 'convert' '/Users/ivan/Sites/watchlearn/source/images/middleman-01.jpg' '-resize' '400x' '/var/folders/nz/lvl5hf050rv1s8j3g6f82s540000gp/T/dragonfly20151021-3492-5kdfi.jpg'
D, [2015-10-21T20:01:51.728778 #4211] DEBUG -- : DRAGONFLY: shell command: 'convert' '/Users/ivan/Sites/watchlearn/source/images/middleman-02.jpg' '-resize' '400x' '/var/folders/nz/lvl5hf050rv1s8j3g6f82s540000gp/T/dragonfly20151021-4211-1mh9eeu.jpg'
D, [2015-10-21T20:01:51.813640 #4211] DEBUG -- : DRAGONFLY: shell command: 'convert' '/Users/ivan/Sites/watchlearn/source/images/middleman-01.jpg' '-resize' '400x' '/var/folders/nz/lvl5hf050rv1s8j3g6f82s540000gp/T/dragonfly20151021-4211-8ii3ep.jpg'
D, [2015-10-21T20:03:42.186507 #4251] DEBUG -- : DRAGONFLY: shell command: 'convert' '/Users/ivan/Sites/watchlearn/source/images/middleman-02.jpg' '-resize' '400x' '/var/folders/nz/lvl5hf050rv1s8j3g6f82s540000gp/T/dragonfly20151021-4251-1s8yxm2.jpg'
D, [2015-10-21T20:03:42.251599 #4251] DEBUG -- : DRAGONFLY: shell command: 'convert' '/Users/ivan/Sites/watchlearn/source/images/middleman-01.jpg' '-resize' '400x' '/var/folders/nz/lvl5hf050rv1s8j3g6f82s540000gp/T/dragonfly20151021-4251-6rekfx.jpg'
D, [2015-10-21T20:14:33.250046 #4591] DEBUG -- : DRAGONFLY: shell command: 'convert' '/Users/ivan/Sites/watchlearn/source/images/middleman-02.jpg' '-resize' '400x' '/var/folders/nz/lvl5hf050rv1s8j3g6f82s540000gp/T/dragonfly20151021-4591-jo6etu.jpg'
D, [2015-10-21T20:14:33.316677 #4591] DEBUG -- : DRAGONFLY: shell command: 'convert' '/Users/ivan/Sites/watchlearn/source/images/middleman-01.jpg' '-resize' '400x' '/var/folders/nz/lvl5hf050rv1s8j3g6f82s540000gp/T/dragonfly20151021-4591-4rq0lq.jpg'
D, [2015-10-21T20:16:09.909884 #4591] DEBUG -- : DRAGONFLY: shell command: 'convert' '/Users/ivan/Sites/watchlearn/source/images/middleman-02.jpg' '-resize' '400x' '/var/folders/nz/lvl5hf050rv1s8j3g6f82s540000gp/T/dragonfly20151021-4591-1w87l83.jpg'
D, [2015-10-21T20:16:09.973257 #4591] DEBUG -- : DRAGONFLY: shell command: 'convert' '/Users/ivan/Sites/watchlearn/source/images/middleman-01.jpg' '-resize' '400x' '/var/folders/nz/lvl5hf050rv1s8j3g6f82s540000gp/T/dragonfly20151021-4591-ruhtdq.jpg'
D, [2015-10-21T20:17:30.850178 #4591] DEBUG -- : DRAGONFLY: shell command: 'convert' '/Users/ivan/Sites/watchlearn/source/images/middleman-02.jpg' '-resize' '400x' '/var/folders/nz/lvl5hf050rv1s8j3g6f82s540000gp/T/dragonfly20151021-4591-192paxv.jpg'
D, [2015-10-21T20:17:30.919696 #4591] DEBUG -- : DRAGONFLY: shell command: 'convert' '/Users/ivan/Sites/watchlearn/source/images/middleman-01.jpg' '-resize' '400x' '/var/folders/nz/lvl5hf050rv1s8j3g6f82s540000gp/T/dragonfly20151021-4591-1equx30.jpg'
D, [2015-10-21T20:17:48.852241 #4591] DEBUG -- : DRAGONFLY: shell command: 'convert' '/Users/ivan/Sites/watchlearn/source/images/middleman-02.jpg' '-resize' '400x' '/var/folders/nz/lvl5hf050rv1s8j3g6f82s540000gp/T/dragonfly20151021-4591-tgl1ft.jpg'
D, [2015-10-21T20:17:48.927507 #4591] DEBUG -- : DRAGONFLY: shell command: 'convert' '/Users/ivan/Sites/watchlearn/source/images/middleman-01.jpg' '-resize' '400x' '/var/folders/nz/lvl5hf050rv1s8j3g6f82s540000gp/T/dragonfly20151021-4591-6srxfq.jpg'
D, [2015-10-21T20:18:13.330617 #4591] DEBUG -- : DRAGONFLY: shell command: 'convert' '/Users/ivan/Sites/watchlearn/source/images/middleman-02.jpg' '-resize' '400x' '/var/folders/nz/lvl5hf050rv1s8j3g6f82s540000gp/T/dragonfly20151021-4591-7jjo78.jpg'
D, [2015-10-21T20:18:13.396083 #4591] DEBUG -- : DRAGONFLY: shell command: 'convert' '/Users/ivan/Sites/watchlearn/source/images/middleman-01.jpg' '-resize' '400x' '/var/folders/nz/lvl5hf050rv1s8j3g6f82s540000gp/T/dragonfly20151021-4591-24e2il.jpg'
D, [2015-10-21T20:20:29.164459 #4591] DEBUG -- : DRAGONFLY: shell command: 'convert' '/Users/ivan/Sites/watchlearn/source/images/middleman-02.jpg' '-resize' '400x' '/var/folders/nz/lvl5hf050rv1s8j3g6f82s540000gp/T/dragonfly20151021-4591-12jaow8.jpg'
D, [2015-10-21T20:20:29.224941 #4591] DEBUG -- : DRAGONFLY: shell command: 'convert' '/Users/ivan/Sites/watchlearn/source/images/middleman-01.jpg' '-resize' '400x' '/var/folders/nz/lvl5hf050rv1s8j3g6f82s540000gp/T/dragonfly20151021-4591-10b9l0c.jpg'
D, [2015-10-21T20:20:35.901585 #4591] DEBUG -- : DRAGONFLY: shell command: 'convert' '/Users/ivan/Sites/watchlearn/source/images/middleman-02.jpg' '-resize' '400x' '/var/folders/nz/lvl5hf050rv1s8j3g6f82s540000gp/T/dragonfly20151021-4591-1pvtr4q.jpg'
D, [2015-10-21T20:20:36.040865 #4591] DEBUG -- : DRAGONFLY: shell command: 'convert' '/Users/ivan/Sites/watchlearn/source/images/middleman-01.jpg' '-resize' '400x' '/var/folders/nz/lvl5hf050rv1s8j3g6f82s540000gp/T/dragonfly20151021-4591-m14ypx.jpg'
D, [2015-10-21T20:20:53.087475 #4591] DEBUG -- : DRAGONFLY: shell command: 'convert' '/Users/ivan/Sites/watchlearn/source/images/middleman-02.jpg' '-resize' '400x' '/var/folders/nz/lvl5hf050rv1s8j3g6f82s540000gp/T/dragonfly20151021-4591-19vfph4.jpg'
D, [2015-10-21T20:20:53.153512 #4591] DEBUG -- : DRAGONFLY: shell command: 'convert' '/Users/ivan/Sites/watchlearn/source/images/middleman-01.jpg' '-resize' '400x' '/var/folders/nz/lvl5hf050rv1s8j3g6f82s540000gp/T/dragonfly20151021-4591-ue77c.jpg'
D, [2015-10-21T20:21:10.456224 #4591] DEBUG -- : DRAGONFLY: shell command: 'convert' '/Users/ivan/Sites/watchlearn/source/images/middleman-02.jpg' '-resize' '400x' '/var/folders/nz/lvl5hf050rv1s8j3g6f82s540000gp/T/dragonfly20151021-4591-1nh8tj2.jpg'
D, [2015-10-21T20:21:10.515701 #4591] DEBUG -- : DRAGONFLY: shell command: 'convert' '/Users/ivan/Sites/watchlearn/source/images/middleman-01.jpg' '-resize' '400x' '/var/folders/nz/lvl5hf050rv1s8j3g6f82s540000gp/T/dragonfly20151021-4591-cg8vq3.jpg'
D, [2015-10-21T20:21:27.541697 #4591] DEBUG -- : DRAGONFLY: shell command: 'convert' '/Users/ivan/Sites/watchlearn/source/images/middleman-02.jpg' '-resize' '400x' '/var/folders/nz/lvl5hf050rv1s8j3g6f82s540000gp/T/dragonfly20151021-4591-3jtr35.jpg'
D, [2015-10-21T20:21:27.605761 #4591] DEBUG -- : DRAGONFLY: shell command: 'convert' '/Users/ivan/Sites/watchlearn/source/images/middleman-01.jpg' '-resize' '400x' '/var/folders/nz/lvl5hf050rv1s8j3g6f82s540000gp/T/dragonfly20151021-4591-zq8paj.jpg'
D, [2015-10-21T20:21:41.101847 #4591] DEBUG -- : DRAGONFLY: shell command: 'convert' '/Users/ivan/Sites/watchlearn/source/images/middleman-02.jpg' '-resize' '400x' '/var/folders/nz/lvl5hf050rv1s8j3g6f82s540000gp/T/dragonfly20151021-4591-fe984i.jpg'
D, [2015-10-21T20:21:41.167028 #4591] DEBUG -- : DRAGONFLY: shell command: 'convert' '/Users/ivan/Sites/watchlearn/source/images/middleman-01.jpg' '-resize' '400x' '/var/folders/nz/lvl5hf050rv1s8j3g6f82s540000gp/T/dragonfly20151021-4591-11h6c92.jpg'
D, [2015-10-21T20:21:57.488610 #4591] DEBUG -- : DRAGONFLY: shell command: 'convert' '/Users/ivan/Sites/watchlearn/source/images/middleman-02.jpg' '-resize' '400x' '/var/folders/nz/lvl5hf050rv1s8j3g6f82s540000gp/T/dragonfly20151021-4591-d9z0r8.jpg'
D, [2015-10-21T20:21:57.549868 #4591] DEBUG -- : DRAGONFLY: shell command: 'convert' '/Users/ivan/Sites/watchlearn/source/images/middleman-01.jpg' '-resize' '400x' '/var/folders/nz/lvl5hf050rv1s8j3g6f82s540000gp/T/dragonfly20151021-4591-kc0cz7.jpg'
D, [2015-10-21T20:23:52.147118 #4591] DEBUG -- : DRAGONFLY: shell command: 'convert' '/Users/ivan/Sites/watchlearn/source/images/middleman-02.jpg' '-resize' '400x' '/var/folders/nz/lvl5hf050rv1s8j3g6f82s540000gp/T/dragonfly20151021-4591-f8iyhn.jpg'
D, [2015-10-21T20:23:52.223366 #4591] DEBUG -- : DRAGONFLY: shell command: 'convert' '/Users/ivan/Sites/watchlearn/source/images/middleman-01.jpg' '-resize' '400x' '/var/folders/nz/lvl5hf050rv1s8j3g6f82s540000gp/T/dragonfly20151021-4591-x5yu7g.jpg'
D, [2015-10-21T20:23:58.325266 #4591] DEBUG -- : DRAGONFLY: shell command: 'convert' '/Users/ivan/Sites/watchlearn/source/images/middleman-02.jpg' '-resize' '400x' '/var/folders/nz/lvl5hf050rv1s8j3g6f82s540000gp/T/dragonfly20151021-4591-jh7dre.jpg'
D, [2015-10-21T20:23:58.422883 #4591] DEBUG -- : DRAGONFLY: shell command: 'convert' '/Users/ivan/Sites/watchlearn/source/images/middleman-01.jpg' '-resize' '400x' '/var/folders/nz/lvl5hf050rv1s8j3g6f82s540000gp/T/dragonfly20151021-4591-10i1fg3.jpg'
D, [2015-10-21T20:23:59.159214 #4591] DEBUG -- : DRAGONFLY: shell command: 'convert' '/Users/ivan/Sites/watchlearn/source/images/middleman-02.jpg' '-resize' '400x' '/var/folders/nz/lvl5hf050rv1s8j3g6f82s540000gp/T/dragonfly20151021-4591-3p2iev.jpg'
D, [2015-10-21T20:23:59.218439 #4591] DEBUG -- : DRAGONFLY: shell command: 'convert' '/Users/ivan/Sites/watchlearn/source/images/middleman-01.jpg' '-resize' '400x' '/var/folders/nz/lvl5hf050rv1s8j3g6f82s540000gp/T/dragonfly20151021-4591-7fk0a0.jpg'
D, [2015-10-21T20:23:59.328458 #4591] DEBUG -- : DRAGONFLY: shell command: 'convert' '/Users/ivan/Sites/watchlearn/source/images/middleman-02.jpg' '-resize' '400x' '/var/folders/nz/lvl5hf050rv1s8j3g6f82s540000gp/T/dragonfly20151021-4591-14cxb7a.jpg'
D, [2015-10-21T20:23:59.390471 #4591] DEBUG -- : DRAGONFLY: shell command: 'convert' '/Users/ivan/Sites/watchlearn/source/images/middleman-01.jpg' '-resize' '400x' '/var/folders/nz/lvl5hf050rv1s8j3g6f82s540000gp/T/dragonfly20151021-4591-1i3lus3.jpg'
D, [2015-10-21T20:23:59.529739 #4591] DEBUG -- : DRAGONFLY: shell command: 'convert' '/Users/ivan/Sites/watchlearn/source/images/middleman-02.jpg' '-resize' '400x' '/var/folders/nz/lvl5hf050rv1s8j3g6f82s540000gp/T/dragonfly20151021-4591-1j9j6g3.jpg'
D, [2015-10-21T20:23:59.590530 #4591] DEBUG -- : DRAGONFLY: shell command: 'convert' '/Users/ivan/Sites/watchlearn/source/images/middleman-01.jpg' '-resize' '400x' '/var/folders/nz/lvl5hf050rv1s8j3g6f82s540000gp/T/dragonfly20151021-4591-1rr76pl.jpg'
D, [2015-10-21T20:23:59.687751 #4591] DEBUG -- : DRAGONFLY: shell command: 'convert' '/Users/ivan/Sites/watchlearn/source/images/middleman-02.jpg' '-resize' '400x' '/var/folders/nz/lvl5hf050rv1s8j3g6f82s540000gp/T/dragonfly20151021-4591-j34n7e.jpg'
D, [2015-10-21T20:23:59.748212 #4591] DEBUG -- : DRAGONFLY: shell command: 'convert' '/Users/ivan/Sites/watchlearn/source/images/middleman-01.jpg' '-resize' '400x' '/var/folders/nz/lvl5hf050rv1s8j3g6f82s540000gp/T/dragonfly20151021-4591-1xxux6z.jpg'
D, [2015-10-21T20:26:37.357791 #4781] DEBUG -- : DRAGONFLY: shell command: 'convert' '/Users/ivan/Sites/watchlearn/source/images/middleman-02.jpg' '-resize' '400x' '/var/folders/nz/lvl5hf050rv1s8j3g6f82s540000gp/T/dragonfly20151021-4781-1quc54h.jpg'
D, [2015-10-21T20:26:37.417494 #4781] DEBUG -- : DRAGONFLY: shell command: 'convert' '/Users/ivan/Sites/watchlearn/source/images/middleman-01.jpg' '-resize' '400x' '/var/folders/nz/lvl5hf050rv1s8j3g6f82s540000gp/T/dragonfly20151021-4781-1o7c3he.jpg'
D, [2015-10-21T20:27:19.648869 #4781] DEBUG -- : DRAGONFLY: shell command: 'convert' '/Users/ivan/Sites/watchlearn/source/images/middleman-02.jpg' '-resize' '400x' '/var/folders/nz/lvl5hf050rv1s8j3g6f82s540000gp/T/dragonfly20151021-4781-ejyub8.jpg'
D, [2015-10-21T20:27:19.744414 #4781] DEBUG -- : DRAGONFLY: shell command: 'convert' '/Users/ivan/Sites/watchlearn/source/images/middleman-01.jpg' '-resize' '400x' '/var/folders/nz/lvl5hf050rv1s8j3g6f82s540000gp/T/dragonfly20151021-4781-883r6w.jpg'
D, [2015-10-21T20:27:32.044599 #4809] DEBUG -- : DRAGONFLY: shell command: 'convert' '/Users/ivan/Sites/watchlearn/source/images/middleman-02.jpg' '-resize' '400x' '/var/folders/nz/lvl5hf050rv1s8j3g6f82s540000gp/T/dragonfly20151021-4809-105bqph.jpg'
D, [2015-10-21T20:27:32.105090 #4809] DEBUG -- : DRAGONFLY: shell command: 'convert' '/Users/ivan/Sites/watchlearn/source/images/middleman-01.jpg' '-resize' '400x' '/var/folders/nz/lvl5hf050rv1s8j3g6f82s540000gp/T/dragonfly20151021-4809-wlhkip.jpg'
D, [2015-10-21T20:28:34.341325 #4809] DEBUG -- : DRAGONFLY: shell command: 'convert' '/Users/ivan/Sites/watchlearn/source/images/middleman-02.jpg' '-resize' '400x' '/var/folders/nz/lvl5hf050rv1s8j3g6f82s540000gp/T/dragonfly20151021-4809-1114kfl.jpg'
D, [2015-10-21T20:28:34.402396 #4809] DEBUG -- : DRAGONFLY: shell command: 'convert' '/Users/ivan/Sites/watchlearn/source/images/middleman-01.jpg' '-resize' '400x' '/var/folders/nz/lvl5hf050rv1s8j3g6f82s540000gp/T/dragonfly20151021-4809-17xmj8i.jpg'
D, [2015-10-21T20:29:32.167534 #4809] DEBUG -- : DRAGONFLY: shell command: 'convert' '/Users/ivan/Sites/watchlearn/source/images/middleman-02.jpg' '-resize' '400x' '/var/folders/nz/lvl5hf050rv1s8j3g6f82s540000gp/T/dragonfly20151021-4809-10ftegl.jpg'
D, [2015-10-21T20:29:32.231949 #4809] DEBUG -- : DRAGONFLY: shell command: 'convert' '/Users/ivan/Sites/watchlearn/source/images/middleman-01.jpg' '-resize' '400x' '/var/folders/nz/lvl5hf050rv1s8j3g6f82s540000gp/T/dragonfly20151021-4809-pxcvrv.jpg'
D, [2015-10-21T20:29:35.011913 #4809] DEBUG -- : DRAGONFLY: shell command: 'convert' '/Users/ivan/Sites/watchlearn/source/images/middleman-02.jpg' '-resize' '400x' '/var/folders/nz/lvl5hf050rv1s8j3g6f82s540000gp/T/dragonfly20151021-4809-1059tha.jpg'
D, [2015-10-21T20:29:35.072292 #4809] DEBUG -- : DRAGONFLY: shell command: 'convert' '/Users/ivan/Sites/watchlearn/source/images/middleman-01.jpg' '-resize' '400x' '/var/folders/nz/lvl5hf050rv1s8j3g6f82s540000gp/T/dragonfly20151021-4809-12cm660.jpg'
D, [2015-10-21T20:32:22.494480 #4809] DEBUG -- : DRAGONFLY: shell command: 'convert' '/Users/ivan/Sites/watchlearn/source/images/middleman-02.jpg' '-resize' '400x' '/var/folders/nz/lvl5hf050rv1s8j3g6f82s540000gp/T/dragonfly20151021-4809-w9bm6u.jpg'
D, [2015-10-21T20:32:22.556103 #4809] DEBUG -- : DRAGONFLY: shell command: 'convert' '/Users/ivan/Sites/watchlearn/source/images/middleman-01.jpg' '-resize' '400x' '/var/folders/nz/lvl5hf050rv1s8j3g6f82s540000gp/T/dragonfly20151021-4809-wrd3qh.jpg'
D, [2015-10-21T20:33:00.399594 #4809] DEBUG -- : DRAGONFLY: shell command: 'convert' '/Users/ivan/Sites/watchlearn/source/images/middleman-02.jpg' '-resize' '400x' '/var/folders/nz/lvl5hf050rv1s8j3g6f82s540000gp/T/dragonfly20151021-4809-xxhbdq.jpg'
D, [2015-10-21T20:33:00.459534 #4809] DEBUG -- : DRAGONFLY: shell command: 'convert' '/Users/ivan/Sites/watchlearn/source/images/middleman-01.jpg' '-resize' '400x' '/var/folders/nz/lvl5hf050rv1s8j3g6f82s540000gp/T/dragonfly20151021-4809-1emqtav.jpg'
D, [2015-10-21T20:33:07.941053 #4809] DEBUG -- : DRAGONFLY: shell command: 'convert' '/Users/ivan/Sites/watchlearn/source/images/middleman-02.jpg' '-resize' '400x' '/var/folders/nz/lvl5hf050rv1s8j3g6f82s540000gp/T/dragonfly20151021-4809-emjt2l.jpg'
D, [2015-10-21T20:33:08.032229 #4809] DEBUG -- : DRAGONFLY: shell command: 'convert' '/Users/ivan/Sites/watchlearn/source/images/middleman-01.jpg' '-resize' '400x' '/var/folders/nz/lvl5hf050rv1s8j3g6f82s540000gp/T/dragonfly20151021-4809-dfhbyl.jpg'
D, [2015-10-21T20:33:16.584816 #4809] DEBUG -- : DRAGONFLY: shell command: 'convert' '/Users/ivan/Sites/watchlearn/source/images/middleman-02.jpg' '-resize' '400x' '/var/folders/nz/lvl5hf050rv1s8j3g6f82s540000gp/T/dragonfly20151021-4809-161sv4k.jpg'
D, [2015-10-21T20:33:16.648733 #4809] DEBUG -- : DRAGONFLY: shell command: 'convert' '/Users/ivan/Sites/watchlearn/source/images/middleman-01.jpg' '-resize' '400x' '/var/folders/nz/lvl5hf050rv1s8j3g6f82s540000gp/T/dragonfly20151021-4809-19yi9lb.jpg'
D, [2015-10-21T20:33:28.519766 #4809] DEBUG -- : DRAGONFLY: shell command: 'convert' '/Users/ivan/Sites/watchlearn/source/images/middleman-02.jpg' '-resize' '400x' '/var/folders/nz/lvl5hf050rv1s8j3g6f82s540000gp/T/dragonfly20151021-4809-6g5uyp.jpg'
D, [2015-10-21T20:33:28.581567 #4809] DEBUG -- : DRAGONFLY: shell command: 'convert' '/Users/ivan/Sites/watchlearn/source/images/middleman-01.jpg' '-resize' '400x' '/var/folders/nz/lvl5hf050rv1s8j3g6f82s540000gp/T/dragonfly20151021-4809-a3ag08.jpg'
D, [2015-10-21T20:33:59.795932 #4809] DEBUG -- : DRAGONFLY: shell command: 'convert' '/Users/ivan/Sites/watchlearn/source/images/middleman-02.jpg' '-resize' '400x' '/var/folders/nz/lvl5hf050rv1s8j3g6f82s540000gp/T/dragonfly20151021-4809-14xuebe.jpg'
D, [2015-10-21T20:33:59.862815 #4809] DEBUG -- : DRAGONFLY: shell command: 'convert' '/Users/ivan/Sites/watchlearn/source/images/middleman-01.jpg' '-resize' '400x' '/var/folders/nz/lvl5hf050rv1s8j3g6f82s540000gp/T/dragonfly20151021-4809-r2zhpl.jpg'
D, [2015-10-21T20:34:04.301816 #4809] DEBUG -- : DRAGONFLY: shell command: 'convert' '/Users/ivan/Sites/watchlearn/source/images/middleman-02.jpg' '-resize' '400x' '/var/folders/nz/lvl5hf050rv1s8j3g6f82s540000gp/T/dragonfly20151021-4809-1d4c99p.jpg'
D, [2015-10-21T20:34:04.362219 #4809] DEBUG -- : DRAGONFLY: shell command: 'convert' '/Users/ivan/Sites/watchlearn/source/images/middleman-01.jpg' '-resize' '400x' '/var/folders/nz/lvl5hf050rv1s8j3g6f82s540000gp/T/dragonfly20151021-4809-16bogoa.jpg'
D, [2015-10-21T20:34:23.711670 #4809] DEBUG -- : DRAGONFLY: shell command: 'convert' '/Users/ivan/Sites/watchlearn/source/images/middleman-02.jpg' '-resize' '400x' '/var/folders/nz/lvl5hf050rv1s8j3g6f82s540000gp/T/dragonfly20151021-4809-gpzzoe.jpg'
D, [2015-10-21T20:34:23.783151 #4809] DEBUG -- : DRAGONFLY: shell command: 'convert' '/Users/ivan/Sites/watchlearn/source/images/middleman-01.jpg' '-resize' '400x' '/var/folders/nz/lvl5hf050rv1s8j3g6f82s540000gp/T/dragonfly20151021-4809-180zeje.jpg'
D, [2015-10-21T20:34:32.521410 #4809] DEBUG -- : DRAGONFLY: shell command: 'convert' '/Users/ivan/Sites/watchlearn/source/images/middleman-02.jpg' '-resize' '400x' '/var/folders/nz/lvl5hf050rv1s8j3g6f82s540000gp/T/dragonfly20151021-4809-13kc1j.jpg'
D, [2015-10-21T20:34:32.611087 #4809] DEBUG -- : DRAGONFLY: shell command: 'convert' '/Users/ivan/Sites/watchlearn/source/images/middleman-01.jpg' '-resize' '400x' '/var/folders/nz/lvl5hf050rv1s8j3g6f82s540000gp/T/dragonfly20151021-4809-jjmeom.jpg'
D, [2015-10-21T20:35:00.502395 #4809] DEBUG -- : DRAGONFLY: shell command: 'convert' '/Users/ivan/Sites/watchlearn/source/images/middleman-02.jpg' '-resize' '400x' '/var/folders/nz/lvl5hf050rv1s8j3g6f82s540000gp/T/dragonfly20151021-4809-1rknxt3.jpg'
D, [2015-10-21T20:35:00.567570 #4809] DEBUG -- : DRAGONFLY: shell command: 'convert' '/Users/ivan/Sites/watchlearn/source/images/middleman-01.jpg' '-resize' '400x' '/var/folders/nz/lvl5hf050rv1s8j3g6f82s540000gp/T/dragonfly20151021-4809-wdg9mh.jpg'
D, [2015-10-21T20:35:04.519696 #4809] DEBUG -- : DRAGONFLY: shell command: 'convert' '/Users/ivan/Sites/watchlearn/source/images/middleman-02.jpg' '-resize' '400x' '/var/folders/nz/lvl5hf050rv1s8j3g6f82s540000gp/T/dragonfly20151021-4809-ni642f.jpg'
D, [2015-10-21T20:35:04.579907 #4809] DEBUG -- : DRAGONFLY: shell command: 'convert' '/Users/ivan/Sites/watchlearn/source/images/middleman-01.jpg' '-resize' '400x' '/var/folders/nz/lvl5hf050rv1s8j3g6f82s540000gp/T/dragonfly20151021-4809-1m1ceua.jpg'
D, [2015-10-21T20:35:55.364575 #4809] DEBUG -- : DRAGONFLY: shell command: 'convert' '/Users/ivan/Sites/watchlearn/source/images/middleman-02.jpg' '-resize' '400x' '/var/folders/nz/lvl5hf050rv1s8j3g6f82s540000gp/T/dragonfly20151021-4809-1ng77dp.jpg'
D, [2015-10-21T20:35:55.428134 #4809] DEBUG -- : DRAGONFLY: shell command: 'convert' '/Users/ivan/Sites/watchlearn/source/images/middleman-01.jpg' '-resize' '400x' '/var/folders/nz/lvl5hf050rv1s8j3g6f82s540000gp/T/dragonfly20151021-4809-4l40qj.jpg'
D, [2015-10-21T20:36:54.872796 #4809] DEBUG -- : DRAGONFLY: shell command: 'convert' '/Users/ivan/Sites/watchlearn/source/images/middleman-02.jpg' '-resize' '400x' '/var/folders/nz/lvl5hf050rv1s8j3g6f82s540000gp/T/dragonfly20151021-4809-qw0ht5.jpg'
D, [2015-10-21T20:36:54.966210 #4809] DEBUG -- : DRAGONFLY: shell command: 'convert' '/Users/ivan/Sites/watchlearn/source/images/middleman-01.jpg' '-resize' '400x' '/var/folders/nz/lvl5hf050rv1s8j3g6f82s540000gp/T/dragonfly20151021-4809-1cdg7yy.jpg'
D, [2015-10-21T20:37:01.468603 #4809] DEBUG -- : DRAGONFLY: shell command: 'convert' '/Users/ivan/Sites/watchlearn/source/images/middleman-02.jpg' '-resize' '400x' '/var/folders/nz/lvl5hf050rv1s8j3g6f82s540000gp/T/dragonfly20151021-4809-zk0kpx.jpg'
D, [2015-10-21T20:37:01.572142 #4809] DEBUG -- : DRAGONFLY: shell command: 'convert' '/Users/ivan/Sites/watchlearn/source/images/middleman-01.jpg' '-resize' '400x' '/var/folders/nz/lvl5hf050rv1s8j3g6f82s540000gp/T/dragonfly20151021-4809-11mjfnp.jpg'
D, [2015-10-21T20:38:14.009188 #4809] DEBUG -- : DRAGONFLY: shell command: 'convert' '/Users/ivan/Sites/watchlearn/source/images/middleman-02.jpg' '-resize' '400x' '/var/folders/nz/lvl5hf050rv1s8j3g6f82s540000gp/T/dragonfly20151021-4809-8a3mpw.jpg'
D, [2015-10-21T20:38:14.082203 #4809] DEBUG -- : DRAGONFLY: shell command: 'convert' '/Users/ivan/Sites/watchlearn/source/images/middleman-01.jpg' '-resize' '400x' '/var/folders/nz/lvl5hf050rv1s8j3g6f82s540000gp/T/dragonfly20151021-4809-ilgyes.jpg'
D, [2015-10-21T20:38:25.381163 #4809] DEBUG -- : DRAGONFLY: shell command: 'convert' '/Users/ivan/Sites/watchlearn/source/images/middleman-02.jpg' '-resize' '400x' '/var/folders/nz/lvl5hf050rv1s8j3g6f82s540000gp/T/dragonfly20151021-4809-wj1h2i.jpg'
D, [2015-10-21T20:38:25.450468 #4809] DEBUG -- : DRAGONFLY: shell command: 'convert' '/Users/ivan/Sites/watchlearn/source/images/middleman-01.jpg' '-resize' '400x' '/var/folders/nz/lvl5hf050rv1s8j3g6f82s540000gp/T/dragonfly20151021-4809-1h9i8p4.jpg'
D, [2015-10-21T20:38:51.481404 #4809] DEBUG -- : DRAGONFLY: shell command: 'convert' '/Users/ivan/Sites/watchlearn/source/images/middleman-02.jpg' '-resize' '400x' '/var/folders/nz/lvl5hf050rv1s8j3g6f82s540000gp/T/dragonfly20151021-4809-1cw8cwz.jpg'
D, [2015-10-21T20:38:51.546463 #4809] DEBUG -- : DRAGONFLY: shell command: 'convert' '/Users/ivan/Sites/watchlearn/source/images/middleman-01.jpg' '-resize' '400x' '/var/folders/nz/lvl5hf050rv1s8j3g6f82s540000gp/T/dragonfly20151021-4809-i6hjwj.jpg'
D, [2015-10-21T20:40:54.158890 #5091] DEBUG -- : DRAGONFLY: shell command: 'convert' '/Users/ivan/Sites/watchlearn/source/images/middleman-02.jpg' '-resize' '400x' '/var/folders/nz/lvl5hf050rv1s8j3g6f82s540000gp/T/dragonfly20151021-5091-6rt24u.jpg'
D, [2015-10-21T20:40:54.227049 #5091] DEBUG -- : DRAGONFLY: shell command: 'convert' '/Users/ivan/Sites/watchlearn/source/images/middleman-01.jpg' '-resize' '400x' '/var/folders/nz/lvl5hf050rv1s8j3g6f82s540000gp/T/dragonfly20151021-5091-5hdk1g.jpg'
D, [2015-10-21T20:44:14.331179 #5091] DEBUG -- : DRAGONFLY: shell command: 'convert' '/Users/ivan/Sites/watchlearn/source/images/middleman-02.jpg' '-resize' '400x' '/var/folders/nz/lvl5hf050rv1s8j3g6f82s540000gp/T/dragonfly20151021-5091-tdm384.jpg'
D, [2015-10-21T20:44:14.394154 #5091] DEBUG -- : DRAGONFLY: shell command: 'convert' '/Users/ivan/Sites/watchlearn/source/images/middleman-01.jpg' '-resize' '400x' '/var/folders/nz/lvl5hf050rv1s8j3g6f82s540000gp/T/dragonfly20151021-5091-8oa8s1.jpg'
D, [2015-10-21T20:45:40.648943 #5091] DEBUG -- : DRAGONFLY: shell command: 'convert' '/Users/ivan/Sites/watchlearn/source/images/middleman-02.jpg' '-resize' '400x' '/var/folders/nz/lvl5hf050rv1s8j3g6f82s540000gp/T/dragonfly20151021-5091-6ql9vq.jpg'
D, [2015-10-21T20:45:49.768763 #5091] DEBUG -- : DRAGONFLY: shell command: 'convert' '/Users/ivan/Sites/watchlearn/source/images/middleman-02.jpg' '-resize' '400x' '/var/folders/nz/lvl5hf050rv1s8j3g6f82s540000gp/T/dragonfly20151021-5091-1cvvxvz.jpg'
D, [2015-10-21T20:46:16.512857 #5091] DEBUG -- : DRAGONFLY: shell command: 'convert' '/Users/ivan/Sites/watchlearn/source/images/middleman-02.jpg' '-resize' '400x' '/var/folders/nz/lvl5hf050rv1s8j3g6f82s540000gp/T/dragonfly20151021-5091-18ex9wi.jpg'
D, [2015-10-21T20:47:14.410419 #5091] DEBUG -- : DRAGONFLY: shell command: 'convert' '/Users/ivan/Sites/watchlearn/source/images/middleman-02.jpg' '-resize' '400x' '/var/folders/nz/lvl5hf050rv1s8j3g6f82s540000gp/T/dragonfly20151021-5091-yib75g.jpg'
D, [2015-10-21T20:47:37.803805 #5091] DEBUG -- : DRAGONFLY: shell command: 'convert' '/Users/ivan/Sites/watchlearn/source/images/middleman-02.jpg' '-resize' '400x' '/var/folders/nz/lvl5hf050rv1s8j3g6f82s540000gp/T/dragonfly20151021-5091-11pou8z.jpg'
D, [2015-10-21T20:47:41.654250 #5091] DEBUG -- : DRAGONFLY: shell command: 'convert' '/Users/ivan/Sites/watchlearn/source/images/middleman-02.jpg' '-resize' '400x' '/var/folders/nz/lvl5hf050rv1s8j3g6f82s540000gp/T/dragonfly20151021-5091-u1vs3z.jpg'
D, [2015-10-21T20:47:42.717231 #5091] DEBUG -- : DRAGONFLY: shell command: 'convert' '/Users/ivan/Sites/watchlearn/source/images/middleman-02.jpg' '-resize' '400x' '/var/folders/nz/lvl5hf050rv1s8j3g6f82s540000gp/T/dragonfly20151021-5091-13ckjcj.jpg'
D, [2015-10-21T20:49:40.033096 #5091] DEBUG -- : DRAGONFLY: shell command: 'convert' '/Users/ivan/Sites/watchlearn/source/images/middleman-02.jpg' '-resize' '400x' '/var/folders/nz/lvl5hf050rv1s8j3g6f82s540000gp/T/dragonfly20151021-5091-17uv8ow.jpg'
D, [2015-10-21T20:49:49.731555 #5091] DEBUG -- : DRAGONFLY: shell command: 'convert' '/Users/ivan/Sites/watchlearn/source/images/middleman-02.jpg' '-resize' '400x' '/var/folders/nz/lvl5hf050rv1s8j3g6f82s540000gp/T/dragonfly20151021-5091-1rzocun.jpg'
D, [2015-10-21T20:50:29.866247 #5091] DEBUG -- : DRAGONFLY: shell command: 'convert' '/Users/ivan/Sites/watchlearn/source/images/middleman-02.jpg' '-resize' '400x' '/var/folders/nz/lvl5hf050rv1s8j3g6f82s540000gp/T/dragonfly20151021-5091-17zwisn.jpg'
D, [2015-10-21T20:50:29.927016 #5091] DEBUG -- : DRAGONFLY: shell command: 'convert' '/Users/ivan/Sites/watchlearn/source/images/middleman-01.jpg' '-resize' '400x' '/var/folders/nz/lvl5hf050rv1s8j3g6f82s540000gp/T/dragonfly20151021-5091-i81tk3.jpg'
D, [2015-10-21T20:50:57.805874 #5091] DEBUG -- : DRAGONFLY: shell command: 'convert' '/Users/ivan/Sites/watchlearn/source/images/middleman-02.jpg' '-resize' '400x' '/var/folders/nz/lvl5hf050rv1s8j3g6f82s540000gp/T/dragonfly20151021-5091-1f2s2wj.jpg'
D, [2015-10-21T20:51:22.106484 #5091] DEBUG -- : DRAGONFLY: shell command: 'convert' '/Users/ivan/Sites/watchlearn/source/images/middleman-02.jpg' '-resize' '400x' '/var/folders/nz/lvl5hf050rv1s8j3g6f82s540000gp/T/dragonfly20151021-5091-148obcs.jpg'
D, [2015-10-21T20:51:22.172585 #5091] DEBUG -- : DRAGONFLY: shell command: 'convert' '/Users/ivan/Sites/watchlearn/source/images/middleman-01.jpg' '-resize' '400x' '/var/folders/nz/lvl5hf050rv1s8j3g6f82s540000gp/T/dragonfly20151021-5091-xju090.jpg'
D, [2015-10-21T20:51:39.782420 #5091] DEBUG -- : DRAGONFLY: shell command: 'convert' '/Users/ivan/Sites/watchlearn/source/images/middleman-02.jpg' '-resize' '400x' '/var/folders/nz/lvl5hf050rv1s8j3g6f82s540000gp/T/dragonfly20151021-5091-valy51.jpg'
D, [2015-10-21T20:52:15.870023 #5091] DEBUG -- : DRAGONFLY: shell command: 'convert' '/Users/ivan/Sites/watchlearn/source/images/middleman-02.jpg' '-resize' '400x' '/var/folders/nz/lvl5hf050rv1s8j3g6f82s540000gp/T/dragonfly20151021-5091-uqt87q.jpg'
D, [2015-10-21T20:52:23.599975 #5091] DEBUG -- : DRAGONFLY: shell command: 'convert' '/Users/ivan/Sites/watchlearn/source/images/middleman-02.jpg' '-resize' '400x' '/var/folders/nz/lvl5hf050rv1s8j3g6f82s540000gp/T/dragonfly20151021-5091-1ww678r.jpg'
D, [2015-10-21T20:52:39.067306 #5091] DEBUG -- : DRAGONFLY: shell command: 'convert' '/Users/ivan/Sites/watchlearn/source/images/middleman-02.jpg' '-resize' '400x' '/var/folders/nz/lvl5hf050rv1s8j3g6f82s540000gp/T/dragonfly20151021-5091-xoj96n.jpg'
D, [2015-10-21T20:52:39.169677 #5091] DEBUG -- : DRAGONFLY: shell command: 'convert' '/Users/ivan/Sites/watchlearn/source/images/middleman-01.jpg' '-resize' '400x' '/var/folders/nz/lvl5hf050rv1s8j3g6f82s540000gp/T/dragonfly20151021-5091-fmvcu1.jpg'
D, [2015-10-21T20:53:21.842244 #5091] DEBUG -- : DRAGONFLY: shell command: 'convert' '/Users/ivan/Sites/watchlearn/source/images/middleman-02.jpg' '-resize' '400x' '/var/folders/nz/lvl5hf050rv1s8j3g6f82s540000gp/T/dragonfly20151021-5091-1yc0k1e.jpg'
D, [2015-10-21T20:53:21.904800 #5091] DEBUG -- : DRAGONFLY: shell command: 'convert' '/Users/ivan/Sites/watchlearn/source/images/middleman-01.jpg' '-resize' '400x' '/var/folders/nz/lvl5hf050rv1s8j3g6f82s540000gp/T/dragonfly20151021-5091-id4i88.jpg'
D, [2015-10-21T20:53:23.837034 #5091] DEBUG -- : DRAGONFLY: shell command: 'convert' '/Users/ivan/Sites/watchlearn/source/images/middleman-02.jpg' '-resize' '400x' '/var/folders/nz/lvl5hf050rv1s8j3g6f82s540000gp/T/dragonfly20151021-5091-1jhh266.jpg'
D, [2015-10-21T20:53:23.899305 #5091] DEBUG -- : DRAGONFLY: shell command: 'convert' '/Users/ivan/Sites/watchlearn/source/images/middleman-01.jpg' '-resize' '400x' '/var/folders/nz/lvl5hf050rv1s8j3g6f82s540000gp/T/dragonfly20151021-5091-1tuxi35.jpg'
D, [2015-10-22T19:19:34.100741 #3089] DEBUG -- : DRAGONFLY: shell command: 'convert' '/Users/ivan/Sites/watchlearn/source/images/middleman-02.jpg' '-resize' '400x' '/var/folders/nz/lvl5hf050rv1s8j3g6f82s540000gp/T/dragonfly20151022-3089-919spu.jpg'
D, [2015-10-22T19:19:34.518763 #3089] DEBUG -- : DRAGONFLY: shell command: 'convert' '/Users/ivan/Sites/watchlearn/source/images/middleman-01.jpg' '-resize' '400x' '/var/folders/nz/lvl5hf050rv1s8j3g6f82s540000gp/T/dragonfly20151022-3089-3c58yk.jpg'
D, [2015-10-22T19:57:04.042464 #1123] DEBUG -- : DRAGONFLY: shell command: 'convert' '/Users/ivan/Sites/watchlearn/source/images/middleman-02.jpg' '-resize' '400x' '/var/folders/nz/lvl5hf050rv1s8j3g6f82s540000gp/T/dragonfly20151022-1123-16x8rzx.jpg'
D, [2015-10-22T19:57:04.562110 #1123] DEBUG -- : DRAGONFLY: shell command: 'convert' '/Users/ivan/Sites/watchlearn/source/images/middleman-02.jpg' '-resize' '400x' '/var/folders/nz/lvl5hf050rv1s8j3g6f82s540000gp/T/dragonfly20151022-1123-1i69atq.jpg'
D, [2015-10-22T19:57:05.061764 #1123] DEBUG -- : DRAGONFLY: shell command: 'convert' '/Users/ivan/Sites/watchlearn/source/images/middleman-01.jpg' '-resize' '400x' '/var/folders/nz/lvl5hf050rv1s8j3g6f82s540000gp/T/dragonfly20151022-1123-1glydez.jpg'
D, [2015-10-22T19:57:05.064318 #1123] DEBUG -- : DRAGONFLY: shell command: 'convert' '/Users/ivan/Sites/watchlearn/source/images/middleman-01.jpg' '-resize' '400x' '/var/folders/nz/lvl5hf050rv1s8j3g6f82s540000gp/T/dragonfly20151022-1123-1cp216y.jpg'
D, [2015-10-22T19:57:31.144841 #1123] DEBUG -- : DRAGONFLY: shell command: 'convert' '/Users/ivan/Sites/watchlearn/source/images/middleman-02.jpg' '-resize' '400x' '/var/folders/nz/lvl5hf050rv1s8j3g6f82s540000gp/T/dragonfly20151022-1123-b9mx00.jpg'
D, [2015-10-22T19:57:31.292630 #1123] DEBUG -- : DRAGONFLY: shell command: 'convert' '/Users/ivan/Sites/watchlearn/source/images/middleman-01.jpg' '-resize' '400x' '/var/folders/nz/lvl5hf050rv1s8j3g6f82s540000gp/T/dragonfly20151022-1123-1c5usid.jpg'
D, [2015-10-22T20:03:32.061224 #1779] DEBUG -- : DRAGONFLY: shell command: 'convert' '/Users/ivan/Sites/watchlearn/source/images/middleman-02.jpg' '-resize' '400x' '/var/folders/nz/lvl5hf050rv1s8j3g6f82s540000gp/T/dragonfly20151022-1779-irtlc5.jpg'
D, [2015-10-22T20:03:32.203638 #1779] DEBUG -- : DRAGONFLY: shell command: 'convert' '/Users/ivan/Sites/watchlearn/source/images/middleman-01.jpg' '-resize' '400x' '/var/folders/nz/lvl5hf050rv1s8j3g6f82s540000gp/T/dragonfly20151022-1779-183rugf.jpg'
D, [2015-10-22T20:05:13.129209 #1779] DEBUG -- : DRAGONFLY: shell command: 'convert' '/Users/ivan/Sites/watchlearn/source/images/middleman-02.jpg' '-resize' '400x' '/var/folders/nz/lvl5hf050rv1s8j3g6f82s540000gp/T/dragonfly20151022-1779-1mv3hg5.jpg'
D, [2015-10-22T20:05:13.238094 #1779] DEBUG -- : DRAGONFLY: shell command: 'convert' '/Users/ivan/Sites/watchlearn/source/images/middleman-01.jpg' '-resize' '400x' '/var/folders/nz/lvl5hf050rv1s8j3g6f82s540000gp/T/dragonfly20151022-1779-1mqlont.jpg'
D, [2015-10-22T20:05:33.474127 #1779] DEBUG -- : DRAGONFLY: shell command: 'convert' '/Users/ivan/Sites/watchlearn/source/images/middleman-02.jpg' '-resize' '400x' '/var/folders/nz/lvl5hf050rv1s8j3g6f82s540000gp/T/dragonfly20151022-1779-17yb66w.jpg'
D, [2015-10-22T20:05:33.576043 #1779] DEBUG -- : DRAGONFLY: shell command: 'convert' '/Users/ivan/Sites/watchlearn/source/images/middleman-01.jpg' '-resize' '400x' '/var/folders/nz/lvl5hf050rv1s8j3g6f82s540000gp/T/dragonfly20151022-1779-zbvn2l.jpg'
D, [2015-10-22T20:06:28.450815 #1779] DEBUG -- : DRAGONFLY: shell command: 'convert' '/Users/ivan/Sites/watchlearn/source/images/middleman-02.jpg' '-resize' '400x' '/var/folders/nz/lvl5hf050rv1s8j3g6f82s540000gp/T/dragonfly20151022-1779-m7u559.jpg'
D, [2015-10-22T20:06:28.657563 #1779] DEBUG -- : DRAGONFLY: shell command: 'convert' '/Users/ivan/Sites/watchlearn/source/images/middleman-01.jpg' '-resize' '400x' '/var/folders/nz/lvl5hf050rv1s8j3g6f82s540000gp/T/dragonfly20151022-1779-1scmdpu.jpg'
D, [2015-10-22T20:07:01.917402 #1779] DEBUG -- : DRAGONFLY: shell command: 'convert' '/Users/ivan/Sites/watchlearn/source/images/middleman-02.jpg' '-resize' '400x' '/var/folders/nz/lvl5hf050rv1s8j3g6f82s540000gp/T/dragonfly20151022-1779-kt7cy3.jpg'
D, [2015-10-22T20:07:02.222975 #1779] DEBUG -- : DRAGONFLY: shell command: 'convert' '/Users/ivan/Sites/watchlearn/source/images/middleman-01.jpg' '-resize' '400x' '/var/folders/nz/lvl5hf050rv1s8j3g6f82s540000gp/T/dragonfly20151022-1779-1866zj9.jpg'
D, [2015-10-22T20:08:06.883452 #1779] DEBUG -- : DRAGONFLY: shell command: 'convert' '/Users/ivan/Sites/watchlearn/source/images/middleman-02.jpg' '-resize' '400x' '/var/folders/nz/lvl5hf050rv1s8j3g6f82s540000gp/T/dragonfly20151022-1779-1yc1tol.jpg'
D, [2015-10-22T20:08:07.208594 #1779] DEBUG -- : DRAGONFLY: shell command: 'convert' '/Users/ivan/Sites/watchlearn/source/images/middleman-01.jpg' '-resize' '400x' '/var/folders/nz/lvl5hf050rv1s8j3g6f82s540000gp/T/dragonfly20151022-1779-1elmt96.jpg'
D, [2015-10-23T17:53:40.084849 #4110] DEBUG -- : DRAGONFLY: shell command: 'convert' '/Users/ivan/Sites/watchlearn/source/images/middleman-02.jpg' '-resize' '400x' '/var/folders/nz/lvl5hf050rv1s8j3g6f82s540000gp/T/dragonfly20151023-4110-1glmdlp.jpg'
D, [2015-10-23T17:53:40.480982 #4110] DEBUG -- : DRAGONFLY: shell command: 'convert' '/Users/ivan/Sites/watchlearn/source/images/middleman-01.jpg' '-resize' '400x' '/var/folders/nz/lvl5hf050rv1s8j3g6f82s540000gp/T/dragonfly20151023-4110-de4yc7.jpg'
D, [2015-10-23T17:53:40.779783 #4110] DEBUG -- : DRAGONFLY: shell command: 'convert' '/Users/ivan/Sites/watchlearn/source/images/middleman-02.jpg' '-resize' '400x' '/var/folders/nz/lvl5hf050rv1s8j3g6f82s540000gp/T/dragonfly20151023-4110-1t3owwo.jpg'
D, [2015-10-23T17:53:40.843024 #4110] DEBUG -- : DRAGONFLY: shell command: 'convert' '/Users/ivan/Sites/watchlearn/source/images/middleman-01.jpg' '-resize' '400x' '/var/folders/nz/lvl5hf050rv1s8j3g6f82s540000gp/T/dragonfly20151023-4110-c90df8.jpg'
D, [2015-10-23T17:54:55.042849 #4110] DEBUG -- : DRAGONFLY: shell command: 'convert' '/Users/ivan/Sites/watchlearn/source/images/middleman-02.jpg' '-resize' '400x' '/var/folders/nz/lvl5hf050rv1s8j3g6f82s540000gp/T/dragonfly20151023-4110-xty28b.jpg'
D, [2015-10-23T17:55:24.784867 #4110] DEBUG -- : DRAGONFLY: shell command: 'convert' '/Users/ivan/Sites/watchlearn/source/images/middleman-02.jpg' '-resize' '400x' '/var/folders/nz/lvl5hf050rv1s8j3g6f82s540000gp/T/dragonfly20151023-4110-ki1xse.jpg'
D, [2015-10-23T17:55:50.046309 #4560] DEBUG -- : DRAGONFLY: shell command: 'convert' '/Users/ivan/Sites/watchlearn/source/images/middleman-02.jpg' '-resize' '400x' '/var/folders/nz/lvl5hf050rv1s8j3g6f82s540000gp/T/dragonfly20151023-4560-10ggca.jpg'
D, [2015-10-23T17:55:50.105069 #4560] DEBUG -- : DRAGONFLY: shell command: 'convert' '/Users/ivan/Sites/watchlearn/source/images/middleman-01.jpg' '-resize' '400x' '/var/folders/nz/lvl5hf050rv1s8j3g6f82s540000gp/T/dragonfly20151023-4560-wzdswv.jpg'
D, [2015-10-23T18:07:40.721995 #4560] DEBUG -- : DRAGONFLY: shell command: 'convert' '/Users/ivan/Sites/watchlearn/source/images/middleman-02.jpg' '-resize' '400x' '/var/folders/nz/lvl5hf050rv1s8j3g6f82s540000gp/T/dragonfly20151023-4560-abrz47.jpg'
D, [2015-10-23T18:07:40.792837 #4560] DEBUG -- : DRAGONFLY: shell command: 'convert' '/Users/ivan/Sites/watchlearn/source/images/middleman-01.jpg' '-resize' '400x' '/var/folders/nz/lvl5hf050rv1s8j3g6f82s540000gp/T/dragonfly20151023-4560-12birb7.jpg'
D, [2015-10-23T18:08:45.615767 #4560] DEBUG -- : DRAGONFLY: shell command: 'convert' '/Users/ivan/Sites/watchlearn/source/images/middleman-02.jpg' '-resize' '400x' '/var/folders/nz/lvl5hf050rv1s8j3g6f82s540000gp/T/dragonfly20151023-4560-1gon3tl.jpg'
D, [2015-10-23T18:08:45.705307 #4560] DEBUG -- : DRAGONFLY: shell command: 'convert' '/Users/ivan/Sites/watchlearn/source/images/middleman-01.jpg' '-resize' '400x' '/var/folders/nz/lvl5hf050rv1s8j3g6f82s540000gp/T/dragonfly20151023-4560-1o3p99h.jpg'
D, [2015-10-23T18:09:02.114675 #4788] DEBUG -- : DRAGONFLY: shell command: 'convert' '/Users/ivan/Sites/watchlearn/source/images/middleman-02.jpg' '-resize' '400x' '/var/folders/nz/lvl5hf050rv1s8j3g6f82s540000gp/T/dragonfly20151023-4788-1astlux.jpg'
D, [2015-10-23T18:09:02.178991 #4788] DEBUG -- : DRAGONFLY: shell command: 'convert' '/Users/ivan/Sites/watchlearn/source/images/middleman-01.jpg' '-resize' '400x' '/var/folders/nz/lvl5hf050rv1s8j3g6f82s540000gp/T/dragonfly20151023-4788-rjjdq5.jpg'
D, [2015-10-23T18:15:37.275066 #4788] DEBUG -- : DRAGONFLY: shell command: 'convert' '/Users/ivan/Sites/watchlearn/source/images/middleman-02.jpg' '-resize' '400x' '/var/folders/nz/lvl5hf050rv1s8j3g6f82s540000gp/T/dragonfly20151023-4788-1r1jjzk.jpg'
D, [2015-10-23T18:15:37.335965 #4788] DEBUG -- : DRAGONFLY: shell command: 'convert' '/Users/ivan/Sites/watchlearn/source/images/middleman-01.jpg' '-resize' '400x' '/var/folders/nz/lvl5hf050rv1s8j3g6f82s540000gp/T/dragonfly20151023-4788-cmiyu8.jpg'
D, [2015-10-23T18:15:58.816772 #4788] DEBUG -- : DRAGONFLY: shell command: 'convert' '/Users/ivan/Sites/watchlearn/source/images/middleman-02.jpg' '-resize' '400x' '/var/folders/nz/lvl5hf050rv1s8j3g6f82s540000gp/T/dragonfly20151023-4788-zkttcy.jpg'
D, [2015-10-23T18:15:58.878300 #4788] DEBUG -- : DRAGONFLY: shell command: 'convert' '/Users/ivan/Sites/watchlearn/source/images/middleman-01.jpg' '-resize' '400x' '/var/folders/nz/lvl5hf050rv1s8j3g6f82s540000gp/T/dragonfly20151023-4788-1s719z9.jpg'
D, [2015-10-23T18:17:26.366791 #4788] DEBUG -- : DRAGONFLY: shell command: 'convert' '/Users/ivan/Sites/watchlearn/source/images/middleman-02.jpg' '-resize' '400x' '/var/folders/nz/lvl5hf050rv1s8j3g6f82s540000gp/T/dragonfly20151023-4788-8wg8lo.jpg'
D, [2015-10-23T18:17:26.429698 #4788] DEBUG -- : DRAGONFLY: shell command: 'convert' '/Users/ivan/Sites/watchlearn/source/images/middleman-01.jpg' '-resize' '400x' '/var/folders/nz/lvl5hf050rv1s8j3g6f82s540000gp/T/dragonfly20151023-4788-1asag97.jpg'
D, [2015-10-23T18:17:51.184196 #4788] DEBUG -- : DRAGONFLY: shell command: 'convert' '/Users/ivan/Sites/watchlearn/source/images/middleman-02.jpg' '-resize' '400x' '/var/folders/nz/lvl5hf050rv1s8j3g6f82s540000gp/T/dragonfly20151023-4788-1fv7ezl.jpg'
D, [2015-10-23T18:17:51.249828 #4788] DEBUG -- : DRAGONFLY: shell command: 'convert' '/Users/ivan/Sites/watchlearn/source/images/middleman-01.jpg' '-resize' '400x' '/var/folders/nz/lvl5hf050rv1s8j3g6f82s540000gp/T/dragonfly20151023-4788-1vbm71a.jpg'
D, [2015-10-23T18:19:15.134698 #4788] DEBUG -- : DRAGONFLY: shell command: 'convert' '/Users/ivan/Sites/watchlearn/source/images/middleman-02.jpg' '-resize' '400x' '/var/folders/nz/lvl5hf050rv1s8j3g6f82s540000gp/T/dragonfly20151023-4788-17stmxz.jpg'
D, [2015-10-23T18:19:15.198673 #4788] DEBUG -- : DRAGONFLY: shell command: 'convert' '/Users/ivan/Sites/watchlearn/source/images/middleman-01.jpg' '-resize' '400x' '/var/folders/nz/lvl5hf050rv1s8j3g6f82s540000gp/T/dragonfly20151023-4788-13gnb0k.jpg'
D, [2015-10-23T18:25:02.955678 #4788] DEBUG -- : DRAGONFLY: shell command: 'convert' '/Users/ivan/Sites/watchlearn/source/images/middleman-02.jpg' '-resize' '400x' '/var/folders/nz/lvl5hf050rv1s8j3g6f82s540000gp/T/dragonfly20151023-4788-nhe4b4.jpg'
D, [2015-10-23T18:25:03.018805 #4788] DEBUG -- : DRAGONFLY: shell command: 'convert' '/Users/ivan/Sites/watchlearn/source/images/middleman-01.jpg' '-resize' '400x' '/var/folders/nz/lvl5hf050rv1s8j3g6f82s540000gp/T/dragonfly20151023-4788-pqw2oq.jpg'
D, [2015-10-23T18:27:16.159120 #4788] DEBUG -- : DRAGONFLY: shell command: 'convert' '/Users/ivan/Sites/watchlearn/source/images/middleman-02.jpg' '-resize' '400x' '/var/folders/nz/lvl5hf050rv1s8j3g6f82s540000gp/T/dragonfly20151023-4788-nwxx4r.jpg'
D, [2015-10-23T18:27:16.220015 #4788] DEBUG -- : DRAGONFLY: shell command: 'convert' '/Users/ivan/Sites/watchlearn/source/images/middleman-01.jpg' '-resize' '400x' '/var/folders/nz/lvl5hf050rv1s8j3g6f82s540000gp/T/dragonfly20151023-4788-72p3h4.jpg'
D, [2015-10-23T18:27:31.865581 #4788] DEBUG -- : DRAGONFLY: shell command: 'convert' '/Users/ivan/Sites/watchlearn/source/images/middleman-02.jpg' '-resize' '400x' '/var/folders/nz/lvl5hf050rv1s8j3g6f82s540000gp/T/dragonfly20151023-4788-1v07gf2.jpg'
D, [2015-10-23T18:27:31.928057 #4788] DEBUG -- : DRAGONFLY: shell command: 'convert' '/Users/ivan/Sites/watchlearn/source/images/middleman-01.jpg' '-resize' '400x' '/var/folders/nz/lvl5hf050rv1s8j3g6f82s540000gp/T/dragonfly20151023-4788-1tmeoyr.jpg'
D, [2015-10-23T18:29:07.196430 #4788] DEBUG -- : DRAGONFLY: shell command: 'convert' '/Users/ivan/Sites/watchlearn/source/images/middleman-02.jpg' '-resize' '400x' '/var/folders/nz/lvl5hf050rv1s8j3g6f82s540000gp/T/dragonfly20151023-4788-25pn25.jpg'
D, [2015-10-23T18:29:07.260531 #4788] DEBUG -- : DRAGONFLY: shell command: 'convert' '/Users/ivan/Sites/watchlearn/source/images/middleman-01.jpg' '-resize' '400x' '/var/folders/nz/lvl5hf050rv1s8j3g6f82s540000gp/T/dragonfly20151023-4788-1wqfke0.jpg'
D, [2015-10-23T18:30:01.812802 #4788] DEBUG -- : DRAGONFLY: shell command: 'convert' '/Users/ivan/Sites/watchlearn/source/images/middleman-02.jpg' '-resize' '400x' '/var/folders/nz/lvl5hf050rv1s8j3g6f82s540000gp/T/dragonfly20151023-4788-1qlkisc.jpg'
D, [2015-10-23T18:30:53.604180 #4788] DEBUG -- : DRAGONFLY: shell command: 'convert' '/Users/ivan/Sites/watchlearn/source/images/middleman-02.jpg' '-resize' '400x' '/var/folders/nz/lvl5hf050rv1s8j3g6f82s540000gp/T/dragonfly20151023-4788-wmv0ig.jpg'
D, [2015-10-23T18:30:53.664627 #4788] DEBUG -- : DRAGONFLY: shell command: 'convert' '/Users/ivan/Sites/watchlearn/source/images/middleman-01.jpg' '-resize' '400x' '/var/folders/nz/lvl5hf050rv1s8j3g6f82s540000gp/T/dragonfly20151023-4788-9cpd91.jpg'
D, [2015-10-23T18:33:08.525457 #4788] DEBUG -- : DRAGONFLY: shell command: 'convert' '/Users/ivan/Sites/watchlearn/source/images/middleman-02.jpg' '-resize' '400x' '/var/folders/nz/lvl5hf050rv1s8j3g6f82s540000gp/T/dragonfly20151023-4788-1nuhagx.jpg'
D, [2015-10-23T18:33:08.587353 #4788] DEBUG -- : DRAGONFLY: shell command: 'convert' '/Users/ivan/Sites/watchlearn/source/images/middleman-01.jpg' '-resize' '400x' '/var/folders/nz/lvl5hf050rv1s8j3g6f82s540000gp/T/dragonfly20151023-4788-12lnune.jpg'
D, [2015-10-23T18:33:26.533315 #4788] DEBUG -- : DRAGONFLY: shell command: 'convert' '/Users/ivan/Sites/watchlearn/source/images/middleman-02.jpg' '-resize' '400x' '/var/folders/nz/lvl5hf050rv1s8j3g6f82s540000gp/T/dragonfly20151023-4788-1dkzfc4.jpg'
D, [2015-10-23T18:33:26.594804 #4788] DEBUG -- : DRAGONFLY: shell command: 'convert' '/Users/ivan/Sites/watchlearn/source/images/middleman-01.jpg' '-resize' '400x' '/var/folders/nz/lvl5hf050rv1s8j3g6f82s540000gp/T/dragonfly20151023-4788-4yef85.jpg'
D, [2015-10-23T18:35:00.570160 #4788] DEBUG -- : DRAGONFLY: shell command: 'convert' '/Users/ivan/Sites/watchlearn/source/images/middleman-02.jpg' '-resize' '400x' '/var/folders/nz/lvl5hf050rv1s8j3g6f82s540000gp/T/dragonfly20151023-4788-wufgsb.jpg'
D, [2015-10-23T18:35:00.633713 #4788] DEBUG -- : DRAGONFLY: shell command: 'convert' '/Users/ivan/Sites/watchlearn/source/images/middleman-01.jpg' '-resize' '400x' '/var/folders/nz/lvl5hf050rv1s8j3g6f82s540000gp/T/dragonfly20151023-4788-15gox36.jpg'
D, [2015-10-23T18:35:36.066391 #4788] DEBUG -- : DRAGONFLY: shell command: 'convert' '/Users/ivan/Sites/watchlearn/source/images/middleman-02.jpg' '-resize' '400x' '/var/folders/nz/lvl5hf050rv1s8j3g6f82s540000gp/T/dragonfly20151023-4788-1sglmrd.jpg'
D, [2015-10-23T18:36:08.793467 #4788] DEBUG -- : DRAGONFLY: shell command: 'convert' '/Users/ivan/Sites/watchlearn/source/images/middleman-02.jpg' '-resize' '400x' '/var/folders/nz/lvl5hf050rv1s8j3g6f82s540000gp/T/dragonfly20151023-4788-1wzug4o.jpg'
D, [2015-10-23T18:36:08.857061 #4788] DEBUG -- : DRAGONFLY: shell command: 'convert' '/Users/ivan/Sites/watchlearn/source/images/middleman-01.jpg' '-resize' '400x' '/var/folders/nz/lvl5hf050rv1s8j3g6f82s540000gp/T/dragonfly20151023-4788-cwdczt.jpg'
